This is pdfTeX, Version 3.14159265-2.6-1.40.16 (TeX Live 2015) (preloaded format=latex 2015.10.8)  8 JAN 2019 10:38
entering extended mode
 restricted \write18 enabled.
 %&-line parsing enabled.
**homomorphic-schulze.tex
(./homomorphic-schulze.tex
LaTeX2e <2015/01/01>
Babel <3.9l> and hyphenation patterns for 79 languages loaded.
(./IEEEtran.cls
Document Class: IEEEtran 2015/08/26 V1.8b by Michael Shell
-- See the "IEEEtran_HOWTO" manual for usage information.
-- http://www.michaelshell.org/tex/ieeetran/
\@IEEEtrantmpdimenA=\dimen102
\@IEEEtrantmpdimenB=\dimen103
\@IEEEtrantmpdimenC=\dimen104
\@IEEEtrantmpcountA=\count79
\@IEEEtrantmpcountB=\count80
\@IEEEtrantmpcountC=\count81
\@IEEEtrantmptoksA=\toks14
LaTeX Font Info:    Try loading font information for OT1+ptm on input line 503.

(/usr/local/texlive/2015/texmf-dist/tex/latex/psnfss/ot1ptm.fd
File: ot1ptm.fd 2001/06/04 font definitions for OT1/ptm.
)
-- Using 8.5in x 11in (letter) paper.
-- Using PDF output.
\@IEEEnormalsizeunitybaselineskip=\dimen105
-- This is a 10 point document.
\CLASSINFOnormalsizebaselineskip=\dimen106
\CLASSINFOnormalsizeunitybaselineskip=\dimen107
\IEEEnormaljot=\dimen108
LaTeX Font Info:    Font shape `OT1/ptm/bx/n' in size <5> not available
(Font)              Font shape `OT1/ptm/b/n' tried instead on input line 1090.
LaTeX Font Info:    Font shape `OT1/ptm/bx/it' in size <5> not available
(Font)              Font shape `OT1/ptm/b/it' tried instead on input line 1090.

LaTeX Font Info:    Font shape `OT1/ptm/bx/n' in size <7> not available
(Font)              Font shape `OT1/ptm/b/n' tried instead on input line 1090.
LaTeX Font Info:    Font shape `OT1/ptm/bx/it' in size <7> not available
(Font)              Font shape `OT1/ptm/b/it' tried instead on input line 1090.

LaTeX Font Info:    Font shape `OT1/ptm/bx/n' in size <8> not available
(Font)              Font shape `OT1/ptm/b/n' tried instead on input line 1090.
LaTeX Font Info:    Font shape `OT1/ptm/bx/it' in size <8> not available
(Font)              Font shape `OT1/ptm/b/it' tried instead on input line 1090.

LaTeX Font Info:    Font shape `OT1/ptm/bx/n' in size <9> not available
(Font)              Font shape `OT1/ptm/b/n' tried instead on input line 1090.
LaTeX Font Info:    Font shape `OT1/ptm/bx/it' in size <9> not available
(Font)              Font shape `OT1/ptm/b/it' tried instead on input line 1090.

LaTeX Font Info:    Font shape `OT1/ptm/bx/n' in size <10> not available
(Font)              Font shape `OT1/ptm/b/n' tried instead on input line 1090.
LaTeX Font Info:    Font shape `OT1/ptm/bx/it' in size <10> not available
(Font)              Font shape `OT1/ptm/b/it' tried instead on input line 1090.

LaTeX Font Info:    Font shape `OT1/ptm/bx/n' in size <11> not available
(Font)              Font shape `OT1/ptm/b/n' tried instead on input line 1090.
LaTeX Font Info:    Font shape `OT1/ptm/bx/it' in size <11> not available
(Font)              Font shape `OT1/ptm/b/it' tried instead on input line 1090.

LaTeX Font Info:    Font shape `OT1/ptm/bx/n' in size <12> not available
(Font)              Font shape `OT1/ptm/b/n' tried instead on input line 1090.
LaTeX Font Info:    Font shape `OT1/ptm/bx/it' in size <12> not available
(Font)              Font shape `OT1/ptm/b/it' tried instead on input line 1090.

LaTeX Font Info:    Font shape `OT1/ptm/bx/n' in size <17> not available
(Font)              Font shape `OT1/ptm/b/n' tried instead on input line 1090.
LaTeX Font Info:    Font shape `OT1/ptm/bx/it' in size <17> not available
(Font)              Font shape `OT1/ptm/b/it' tried instead on input line 1090.

LaTeX Font Info:    Font shape `OT1/ptm/bx/n' in size <20> not available
(Font)              Font shape `OT1/ptm/b/n' tried instead on input line 1090.
LaTeX Font Info:    Font shape `OT1/ptm/bx/it' in size <20> not available
(Font)              Font shape `OT1/ptm/b/it' tried instead on input line 1090.

LaTeX Font Info:    Font shape `OT1/ptm/bx/n' in size <24> not available
(Font)              Font shape `OT1/ptm/b/n' tried instead on input line 1090.
LaTeX Font Info:    Font shape `OT1/ptm/bx/it' in size <24> not available
(Font)              Font shape `OT1/ptm/b/it' tried instead on input line 1090.

\IEEEquantizedlength=\dimen109
\IEEEquantizedlengthdiff=\dimen110
\IEEEquantizedtextheightdiff=\dimen111
\IEEEilabelindentA=\dimen112
\IEEEilabelindentB=\dimen113
\IEEEilabelindent=\dimen114
\IEEEelabelindent=\dimen115
\IEEEdlabelindent=\dimen116
\IEEElabelindent=\dimen117
\IEEEiednormlabelsep=\dimen118
\IEEEiedmathlabelsep=\dimen119
\IEEEiedtopsep=\skip41
\c@section=\count82
\c@subsection=\count83
\c@subsubsection=\count84
\c@paragraph=\count85
\c@IEEEsubequation=\count86
\abovecaptionskip=\skip42
\belowcaptionskip=\skip43
\c@figure=\count87
\c@table=\count88
\@IEEEeqnnumcols=\count89
\@IEEEeqncolcnt=\count90
\@IEEEsubeqnnumrollback=\count91
\@IEEEquantizeheightA=\dimen120
\@IEEEquantizeheightB=\dimen121
\@IEEEquantizeheightC=\dimen122
\@IEEEquantizeprevdepth=\dimen123
\@IEEEquantizemultiple=\count92
\@IEEEquantizeboxA=\box26
\@IEEEtmpitemindent=\dimen124
\IEEEPARstartletwidth=\dimen125
\c@IEEEbiography=\count93
\@IEEEtranrubishbin=\box27
) (/usr/local/texlive/2015/texmf-dist/tex/latex/amsmath/amsmath.sty
Package: amsmath 2013/01/14 v2.14 AMS math features
\@mathmargin=\skip44

For additional information on amsmath, use the `?' option.
(/usr/local/texlive/2015/texmf-dist/tex/latex/amsmath/amstext.sty
Package: amstext 2000/06/29 v2.01

(/usr/local/texlive/2015/texmf-dist/tex/latex/amsmath/amsgen.sty
File: amsgen.sty 1999/11/30 v2.0
\@emptytoks=\toks15
\ex@=\dimen126
))
(/usr/local/texlive/2015/texmf-dist/tex/latex/amsmath/amsbsy.sty
Package: amsbsy 1999/11/29 v1.2d
\pmbraise@=\dimen127
)
(/usr/local/texlive/2015/texmf-dist/tex/latex/amsmath/amsopn.sty
Package: amsopn 1999/12/14 v2.01 operator names
)
\inf@bad=\count94
LaTeX Info: Redefining \frac on input line 210.
\uproot@=\count95
\leftroot@=\count96
LaTeX Info: Redefining \overline on input line 306.
\classnum@=\count97
\DOTSCASE@=\count98
LaTeX Info: Redefining \ldots on input line 378.
LaTeX Info: Redefining \dots on input line 381.
LaTeX Info: Redefining \cdots on input line 466.
\Mathstrutbox@=\box28
\strutbox@=\box29
\big@size=\dimen128
LaTeX Font Info:    Redeclaring font encoding OML on input line 566.
LaTeX Font Info:    Redeclaring font encoding OMS on input line 567.
\macc@depth=\count99
\c@MaxMatrixCols=\count100
\dotsspace@=\muskip10
\c@parentequation=\count101
\dspbrk@lvl=\count102
\tag@help=\toks16
\row@=\count103
\column@=\count104
\maxfields@=\count105
\andhelp@=\toks17
\eqnshift@=\dimen129
\alignsep@=\dimen130
\tagshift@=\dimen131
\tagwidth@=\dimen132
\totwidth@=\dimen133
\lineht@=\dimen134
\@envbody=\toks18
\multlinegap=\skip45
\multlinetaggap=\skip46
\mathdisplay@stack=\toks19
LaTeX Info: Redefining \[ on input line 2665.
LaTeX Info: Redefining \] on input line 2666.
)
(/usr/local/texlive/2015/texmf-dist/tex/latex/amsfonts/amsfonts.sty
Package: amsfonts 2013/01/14 v3.01 Basic AMSFonts support
\symAMSa=\mathgroup4
\symAMSb=\mathgroup5
LaTeX Font Info:    Overwriting math alphabet `\mathfrak' in version `bold'
(Font)                  U/euf/m/n --> U/euf/b/n on input line 106.
)
(/usr/local/texlive/2015/texmf-dist/tex/latex/wrapfig/wrapfig.sty
\wrapoverhang=\dimen135
\WF@size=\dimen136
\c@WF@wrappedlines=\count106
\WF@box=\box30
\WF@everypar=\toks20
Package: wrapfig 2003/01/31  v 3.6
)
(/usr/local/texlive/2015/texmf-dist/tex/latex/graphics/graphicx.sty
Package: graphicx 2014/10/28 v1.0g Enhanced LaTeX Graphics (DPC,SPQR)

(/usr/local/texlive/2015/texmf-dist/tex/latex/graphics/keyval.sty
Package: keyval 2014/10/28 v1.15 key=value parser (DPC)
\KV@toks@=\toks21
)
(/usr/local/texlive/2015/texmf-dist/tex/latex/graphics/graphics.sty
Package: graphics 2014/10/28 v1.0p Standard LaTeX Graphics (DPC,SPQR)

(/usr/local/texlive/2015/texmf-dist/tex/latex/graphics/trig.sty
Package: trig 1999/03/16 v1.09 sin cos tan (DPC)
)
(/usr/local/texlive/2015/texmf-dist/tex/latex/latexconfig/graphics.cfg
File: graphics.cfg 2010/04/23 v1.9 graphics configuration of TeX Live
)
Package graphics Info: Driver file: pdftex.def on input line 94.

(/usr/local/texlive/2015/texmf-dist/tex/latex/pdftex-def/pdftex.def
File: pdftex.def 2011/05/27 v0.06d Graphics/color for pdfTeX

(/usr/local/texlive/2015/texmf-dist/tex/generic/oberdiek/infwarerr.sty
Package: infwarerr 2010/04/08 v1.3 Providing info/warning/error messages (HO)
)
(/usr/local/texlive/2015/texmf-dist/tex/generic/oberdiek/ltxcmds.sty
Package: ltxcmds 2011/11/09 v1.22 LaTeX kernel commands for general use (HO)
)
\Gread@gobject=\count107
))
\Gin@req@height=\dimen137
\Gin@req@width=\dimen138
)
(/usr/local/texlive/2015/texmf-dist/tex/latex/caption/caption.sty
Package: caption 2013/05/02 v3.3-89 Customizing captions (AR)

(/usr/local/texlive/2015/texmf-dist/tex/latex/caption/caption3.sty
Package: caption3 2013/05/02 v1.6-88 caption3 kernel (AR)
Package caption3 Info: TeX engine: e-TeX on input line 57.
\captionmargin=\dimen139
\captionmargin@=\dimen140
\captionwidth=\dimen141
\caption@tempdima=\dimen142
\caption@indent=\dimen143
\caption@parindent=\dimen144
\caption@hangindent=\dimen145
Package caption Info: Unknown document class (or package),
(caption)             standard defaults will be used.
)

Package caption Warning: Unsupported document class (or package) detected,
(caption)                usage of the caption package is not recommended.
See the caption package documentation for explanation.

Package caption Info: \@makecaption = \long macro:#1#2->\ifx \@captype \@IEEEta
blestring \footnotesize \bgroup \par \centering \@IEEEtabletopskipstrut {\norma
lfont \footnotesize #1}\\{\normalfont \footnotesize \scshape #2}\par \addvspace
 {0.5\baselineskip }\egroup \@IEEEtablecaptionsepspace \else \@IEEEfigurecaptio
nsepspace \setbox \@tempboxa \hbox {\normalfont \footnotesize {#1.}\nobreakspac
e \nobreakspace #2}\ifdim \wd \@tempboxa >\hsize \setbox \@tempboxa \hbox {\nor
malfont \footnotesize {#1.}\nobreakspace \nobreakspace }\parbox [t]{\hsize }{\n
ormalfont \footnotesize \noindent \unhbox \@tempboxa #2}\else \ifCLASSOPTIONcon
ference \hbox to\hsize {\normalfont \footnotesize \hfil \box \@tempboxa \hfil }
\else \hbox to\hsize {\normalfont \footnotesize \box \@tempboxa \hfil }\fi \fi 
\fi .
\c@ContinuedFloat=\count108
Package caption Info: wrapfig package is loaded.
) (/usr/local/texlive/2015/texmf-dist/tex/latex/url/url.sty
\Urlmuskip=\muskip11
Package: url 2013/09/16  ver 3.4  Verb mode for urls, etc.
)
(/usr/local/texlive/2015/texmf-dist/tex/latex/caption/subcaption.sty
Package: subcaption 2013/02/03 v1.1-62 Sub-captions (AR)
\c@subfigure=\count109
\c@subtable=\count110
)
(/usr/local/texlive/2015/texmf-dist/tex/generic/xypic/xy.sty
(/usr/local/texlive/2015/texmf-dist/tex/generic/xypic/xy.tex Bootstrap'ing:
catcodes, docmode,
(/usr/local/texlive/2015/texmf-dist/tex/generic/xypic/xyrecat.tex)
(/usr/local/texlive/2015/texmf-dist/tex/generic/xypic/xyidioms.tex)

 Xy-pic version 3.8.9 <2013/10/06>
 Copyright (c) 1991-2013 by Kristoffer H. Rose <krisrose@tug.org> and others
 Xy-pic is free software: see the User's Guide for details.

Loading kernel: messages; fonts; allocations: state,
\X@c=\dimen146
\Y@c=\dimen147
\U@c=\dimen148
\D@c=\dimen149
\L@c=\dimen150
\R@c=\dimen151
\Edge@c=\toks22
\X@p=\dimen152
\Y@p=\dimen153
\U@p=\dimen154
\D@p=\dimen155
\L@p=\dimen156
\R@p=\dimen157
\Edge@p=\toks23
\X@origin=\dimen158
\Y@origin=\dimen159
\X@xbase=\dimen160
\Y@xbase=\dimen161
\X@ybase=\dimen162
\Y@ybase=\dimen163
\X@min=\dimen164
\Y@min=\dimen165
\X@max=\dimen166
\Y@max=\dimen167
\lastobjectbox@=\box31
\zerodotbox@=\box32
\almostz@=\dimen168
 direction,
\d@X=\dimen169
\d@Y=\dimen170
\K@=\count111
\KK@=\count112
\Direction=\count113
\K@dXdY=\dimen171
\K@dYdX=\dimen172
\xyread@=\read1
\xywrite@=\write3
\csp@=\count114
\quotPTK@=\dimen173

utility macros; pictures: \xy, positions,
\swaptoks@@=\toks24
\connectobjectbox@@=\box33
 objects,
\styletoks@=\toks25
 decorations;
kernel objects: directionals, circles, text; options; algorithms: directions,
edges, connections;  Xy-pic loaded)
(/usr/local/texlive/2015/texmf-dist/tex/generic/oberdiek/ifpdf.sty
Package: ifpdf 2011/01/30 v2.3 Provides the ifpdf switch (HO)
Package ifpdf Info: pdfTeX in PDF mode is detected.
)
Package: xy 2013/10/06 Xy-pic version 3.8.9

(/usr/local/texlive/2015/texmf-dist/tex/generic/xypic/xyall.tex
 Xy-pic option: All features v.3.8
(/usr/local/texlive/2015/texmf-dist/tex/generic/xypic/xycurve.tex
 Xy-pic option: Curve and Spline extension v.3.12 curve,
\crv@cnt@=\count115
\crvpts@=\toks26
\splinebox@=\box34
\splineval@=\dimen174
\splinedepth@=\dimen175
\splinetol@=\dimen176
\splinelength@=\dimen177
 circles,
\L@=\dimen178
 loaded)
(/usr/local/texlive/2015/texmf-dist/tex/generic/xypic/xyframe.tex
 Xy-pic option: Frame and Bracket extension v.3.14 loaded)
(/usr/local/texlive/2015/texmf-dist/tex/generic/xypic/xycmtip.tex
 Xy-pic option: Computer Modern tip extension v.3.7
(/usr/local/texlive/2015/texmf-dist/tex/generic/xypic/xytips.tex
 Xy-pic option: More Tips extension v.3.11 loaded) loaded)
(/usr/local/texlive/2015/texmf-dist/tex/generic/xypic/xyline.tex
 Xy-pic option: Line styles extension v.3.10
\xylinethick@=\dimen179
 loaded)
(/usr/local/texlive/2015/texmf-dist/tex/generic/xypic/xyrotate.tex
 Xy-pic option: Rotate and Scale extension v.3.8 loaded)
(/usr/local/texlive/2015/texmf-dist/tex/generic/xypic/xycolor.tex
 Xy-pic option: Colour extension v.3.11 loaded)
(/usr/local/texlive/2015/texmf-dist/tex/generic/xypic/xymatrix.tex
 Xy-pic option: Matrix feature v.3.14
\Row=\count116
\Col=\count117
\queue@=\toks27
\queue@@=\toks28
\qcount@=\count118
\qcount@@=\count119
\matrixsize@=\count120
 loaded)
(/usr/local/texlive/2015/texmf-dist/tex/generic/xypic/xyarrow.tex
 Xy-pic option: Arrow and Path feature v.3.9 path, \ar, loaded)
(/usr/local/texlive/2015/texmf-dist/tex/generic/xypic/xygraph.tex
 Xy-pic option: Graph feature v.3.11 loaded) loaded)
(/usr/local/texlive/2015/texmf-dist/tex/generic/xypic/xypdf.tex
 Xy-pic option: PDF driver v.1.7 Xy-pic pdf driver: `color' extension support
(/usr/local/texlive/2015/texmf-dist/tex/generic/xypic/xypdf-co.tex loaded)
Xy-pic pdf driver: `curve' extension support
(/usr/local/texlive/2015/texmf-dist/tex/generic/xypic/xypdf-cu.tex loaded)
Xy-pic pdf driver: `frame' extension support
(/usr/local/texlive/2015/texmf-dist/tex/generic/xypic/xypdf-fr.tex loaded)
Xy-pic pdf driver: `line' extension support
(/usr/local/texlive/2015/texmf-dist/tex/generic/xypic/xypdf-li.tex loaded)
Xy-pic pdf driver: `rotate' extension support
(/usr/local/texlive/2015/texmf-dist/tex/generic/xypic/xypdf-ro.tex loaded)
loaded))
(/usr/local/texlive/2015/texmf-dist/tex/latex/pgf/frontendlayer/tikz.sty
(/usr/local/texlive/2015/texmf-dist/tex/latex/pgf/basiclayer/pgf.sty
(/usr/local/texlive/2015/texmf-dist/tex/latex/pgf/utilities/pgfrcs.sty
(/usr/local/texlive/2015/texmf-dist/tex/generic/pgf/utilities/pgfutil-common.te
x
\pgfutil@everybye=\toks29
\pgfutil@tempdima=\dimen180
\pgfutil@tempdimb=\dimen181

(/usr/local/texlive/2015/texmf-dist/tex/generic/pgf/utilities/pgfutil-common-li
sts.tex))
(/usr/local/texlive/2015/texmf-dist/tex/generic/pgf/utilities/pgfutil-latex.def
\pgfutil@abb=\box35
(/usr/local/texlive/2015/texmf-dist/tex/latex/ms/everyshi.sty
Package: everyshi 2001/05/15 v3.00 EveryShipout Package (MS)
))
(/usr/local/texlive/2015/texmf-dist/tex/generic/pgf/utilities/pgfrcs.code.tex
Package: pgfrcs 2013/12/20 v3.0.0 (rcs-revision 1.28)
))
Package: pgf 2013/12/18 v3.0.0 (rcs-revision 1.14)
(/usr/local/texlive/2015/texmf-dist/tex/latex/pgf/basiclayer/pgfcore.sty
(/usr/local/texlive/2015/texmf-dist/tex/latex/pgf/systemlayer/pgfsys.sty
(/usr/local/texlive/2015/texmf-dist/tex/generic/pgf/systemlayer/pgfsys.code.tex
Package: pgfsys 2013/11/30 v3.0.0 (rcs-revision 1.47)
(/usr/local/texlive/2015/texmf-dist/tex/generic/pgf/utilities/pgfkeys.code.tex
\pgfkeys@pathtoks=\toks30
\pgfkeys@temptoks=\toks31

(/usr/local/texlive/2015/texmf-dist/tex/generic/pgf/utilities/pgfkeysfiltered.c
ode.tex
\pgfkeys@tmptoks=\toks32
))
\pgf@x=\dimen182
\pgf@y=\dimen183
\pgf@xa=\dimen184
\pgf@ya=\dimen185
\pgf@xb=\dimen186
\pgf@yb=\dimen187
\pgf@xc=\dimen188
\pgf@yc=\dimen189
\w@pgf@writea=\write4
\r@pgf@reada=\read2
\c@pgf@counta=\count121
\c@pgf@countb=\count122
\c@pgf@countc=\count123
\c@pgf@countd=\count124
\t@pgf@toka=\toks33
\t@pgf@tokb=\toks34
\t@pgf@tokc=\toks35

(/usr/local/texlive/2015/texmf-dist/tex/generic/pgf/systemlayer/pgf.cfg
File: pgf.cfg 2008/05/14  (rcs-revision 1.7)
)
Driver file for pgf: pgfsys-pdftex.def

(/usr/local/texlive/2015/texmf-dist/tex/generic/pgf/systemlayer/pgfsys-pdftex.d
ef
File: pgfsys-pdftex.def 2013/07/18  (rcs-revision 1.33)

(/usr/local/texlive/2015/texmf-dist/tex/generic/pgf/systemlayer/pgfsys-common-p
df.def
File: pgfsys-common-pdf.def 2013/10/10  (rcs-revision 1.13)
)))
(/usr/local/texlive/2015/texmf-dist/tex/generic/pgf/systemlayer/pgfsyssoftpath.
code.tex
File: pgfsyssoftpath.code.tex 2013/09/09  (rcs-revision 1.9)
\pgfsyssoftpath@smallbuffer@items=\count125
\pgfsyssoftpath@bigbuffer@items=\count126
)
(/usr/local/texlive/2015/texmf-dist/tex/generic/pgf/systemlayer/pgfsysprotocol.
code.tex
File: pgfsysprotocol.code.tex 2006/10/16  (rcs-revision 1.4)
)) (/usr/local/texlive/2015/texmf-dist/tex/latex/xcolor/xcolor.sty
Package: xcolor 2007/01/21 v2.11 LaTeX color extensions (UK)

(/usr/local/texlive/2015/texmf-dist/tex/latex/latexconfig/color.cfg
File: color.cfg 2007/01/18 v1.5 color configuration of teTeX/TeXLive
)
Package xcolor Info: Driver file: pdftex.def on input line 225.
Package xcolor Info: Model `cmy' substituted by `cmy0' on input line 1337.
Package xcolor Info: Model `hsb' substituted by `rgb' on input line 1341.
Package xcolor Info: Model `RGB' extended on input line 1353.
Package xcolor Info: Model `HTML' substituted by `rgb' on input line 1355.
Package xcolor Info: Model `Hsb' substituted by `hsb' on input line 1356.
Package xcolor Info: Model `tHsb' substituted by `hsb' on input line 1357.
Package xcolor Info: Model `HSB' substituted by `hsb' on input line 1358.
Package xcolor Info: Model `Gray' substituted by `gray' on input line 1359.
Package xcolor Info: Model `wave' substituted by `hsb' on input line 1360.
)
(/usr/local/texlive/2015/texmf-dist/tex/generic/pgf/basiclayer/pgfcore.code.tex
Package: pgfcore 2010/04/11 v3.0.0 (rcs-revision 1.7)
(/usr/local/texlive/2015/texmf-dist/tex/generic/pgf/math/pgfmath.code.tex
(/usr/local/texlive/2015/texmf-dist/tex/generic/pgf/math/pgfmathcalc.code.tex
(/usr/local/texlive/2015/texmf-dist/tex/generic/pgf/math/pgfmathutil.code.tex)
(/usr/local/texlive/2015/texmf-dist/tex/generic/pgf/math/pgfmathparser.code.tex
\pgfmath@dimen=\dimen190
\pgfmath@count=\count127
\pgfmath@box=\box36
\pgfmath@toks=\toks36
\pgfmath@stack@operand=\toks37
\pgfmath@stack@operation=\toks38
)
(/usr/local/texlive/2015/texmf-dist/tex/generic/pgf/math/pgfmathfunctions.code.
tex
(/usr/local/texlive/2015/texmf-dist/tex/generic/pgf/math/pgfmathfunctions.basic
.code.tex)
(/usr/local/texlive/2015/texmf-dist/tex/generic/pgf/math/pgfmathfunctions.trigo
nometric.code.tex)
(/usr/local/texlive/2015/texmf-dist/tex/generic/pgf/math/pgfmathfunctions.rando
m.code.tex)
(/usr/local/texlive/2015/texmf-dist/tex/generic/pgf/math/pgfmathfunctions.compa
rison.code.tex)
(/usr/local/texlive/2015/texmf-dist/tex/generic/pgf/math/pgfmathfunctions.base.
code.tex)
(/usr/local/texlive/2015/texmf-dist/tex/generic/pgf/math/pgfmathfunctions.round
.code.tex)
(/usr/local/texlive/2015/texmf-dist/tex/generic/pgf/math/pgfmathfunctions.misc.
code.tex)
(/usr/local/texlive/2015/texmf-dist/tex/generic/pgf/math/pgfmathfunctions.integ
erarithmetics.code.tex)))
(/usr/local/texlive/2015/texmf-dist/tex/generic/pgf/math/pgfmathfloat.code.tex
\c@pgfmathroundto@lastzeros=\count128
))
(/usr/local/texlive/2015/texmf-dist/tex/generic/pgf/basiclayer/pgfcorepoints.co
de.tex
File: pgfcorepoints.code.tex 2013/10/07  (rcs-revision 1.27)
\pgf@picminx=\dimen191
\pgf@picmaxx=\dimen192
\pgf@picminy=\dimen193
\pgf@picmaxy=\dimen194
\pgf@pathminx=\dimen195
\pgf@pathmaxx=\dimen196
\pgf@pathminy=\dimen197
\pgf@pathmaxy=\dimen198
\pgf@xx=\dimen199
\pgf@xy=\dimen200
\pgf@yx=\dimen201
\pgf@yy=\dimen202
\pgf@zx=\dimen203
\pgf@zy=\dimen204
)
(/usr/local/texlive/2015/texmf-dist/tex/generic/pgf/basiclayer/pgfcorepathconst
ruct.code.tex
File: pgfcorepathconstruct.code.tex 2013/10/07  (rcs-revision 1.29)
\pgf@path@lastx=\dimen205
\pgf@path@lasty=\dimen206
)
(/usr/local/texlive/2015/texmf-dist/tex/generic/pgf/basiclayer/pgfcorepathusage
.code.tex
File: pgfcorepathusage.code.tex 2013/12/13  (rcs-revision 1.23)
\pgf@shorten@end@additional=\dimen207
\pgf@shorten@start@additional=\dimen208
)
(/usr/local/texlive/2015/texmf-dist/tex/generic/pgf/basiclayer/pgfcorescopes.co
de.tex
File: pgfcorescopes.code.tex 2013/10/09  (rcs-revision 1.44)
\pgfpic=\box37
\pgf@hbox=\box38
\pgf@layerbox@main=\box39
\pgf@picture@serial@count=\count129
)
(/usr/local/texlive/2015/texmf-dist/tex/generic/pgf/basiclayer/pgfcoregraphicst
ate.code.tex
File: pgfcoregraphicstate.code.tex 2013/09/19  (rcs-revision 1.11)
\pgflinewidth=\dimen209
)
(/usr/local/texlive/2015/texmf-dist/tex/generic/pgf/basiclayer/pgfcoretransform
ations.code.tex
File: pgfcoretransformations.code.tex 2013/10/10  (rcs-revision 1.17)
\pgf@pt@x=\dimen210
\pgf@pt@y=\dimen211
\pgf@pt@temp=\dimen212
)
(/usr/local/texlive/2015/texmf-dist/tex/generic/pgf/basiclayer/pgfcorequick.cod
e.tex
File: pgfcorequick.code.tex 2008/10/09  (rcs-revision 1.3)
)
(/usr/local/texlive/2015/texmf-dist/tex/generic/pgf/basiclayer/pgfcoreobjects.c
ode.tex
File: pgfcoreobjects.code.tex 2006/10/11  (rcs-revision 1.2)
)
(/usr/local/texlive/2015/texmf-dist/tex/generic/pgf/basiclayer/pgfcorepathproce
ssing.code.tex
File: pgfcorepathprocessing.code.tex 2013/09/09  (rcs-revision 1.9)
)
(/usr/local/texlive/2015/texmf-dist/tex/generic/pgf/basiclayer/pgfcorearrows.co
de.tex
File: pgfcorearrows.code.tex 2013/11/07  (rcs-revision 1.40)
\pgfarrowsep=\dimen213
)
(/usr/local/texlive/2015/texmf-dist/tex/generic/pgf/basiclayer/pgfcoreshade.cod
e.tex
File: pgfcoreshade.code.tex 2013/07/15  (rcs-revision 1.15)
\pgf@max=\dimen214
\pgf@sys@shading@range@num=\count130
)
(/usr/local/texlive/2015/texmf-dist/tex/generic/pgf/basiclayer/pgfcoreimage.cod
e.tex
File: pgfcoreimage.code.tex 2013/07/15  (rcs-revision 1.18)

(/usr/local/texlive/2015/texmf-dist/tex/generic/pgf/basiclayer/pgfcoreexternal.
code.tex
File: pgfcoreexternal.code.tex 2013/07/15  (rcs-revision 1.20)
\pgfexternal@startupbox=\box40
))
(/usr/local/texlive/2015/texmf-dist/tex/generic/pgf/basiclayer/pgfcorelayers.co
de.tex
File: pgfcorelayers.code.tex 2013/07/18  (rcs-revision 1.7)
)
(/usr/local/texlive/2015/texmf-dist/tex/generic/pgf/basiclayer/pgfcoretranspare
ncy.code.tex
File: pgfcoretransparency.code.tex 2013/09/30  (rcs-revision 1.5)
)
(/usr/local/texlive/2015/texmf-dist/tex/generic/pgf/basiclayer/pgfcorepatterns.
code.tex
File: pgfcorepatterns.code.tex 2013/11/07  (rcs-revision 1.5)
)))
(/usr/local/texlive/2015/texmf-dist/tex/generic/pgf/modules/pgfmoduleshapes.cod
e.tex
File: pgfmoduleshapes.code.tex 2013/10/31  (rcs-revision 1.34)
\pgfnodeparttextbox=\box41
)
(/usr/local/texlive/2015/texmf-dist/tex/generic/pgf/modules/pgfmoduleplot.code.
tex
File: pgfmoduleplot.code.tex 2013/07/31  (rcs-revision 1.12)
)
(/usr/local/texlive/2015/texmf-dist/tex/latex/pgf/compatibility/pgfcomp-version
-0-65.sty
Package: pgfcomp-version-0-65 2007/07/03 v3.0.0 (rcs-revision 1.7)
\pgf@nodesepstart=\dimen215
\pgf@nodesepend=\dimen216
)
(/usr/local/texlive/2015/texmf-dist/tex/latex/pgf/compatibility/pgfcomp-version
-1-18.sty
Package: pgfcomp-version-1-18 2007/07/23 v3.0.0 (rcs-revision 1.1)
))
(/usr/local/texlive/2015/texmf-dist/tex/latex/pgf/utilities/pgffor.sty
(/usr/local/texlive/2015/texmf-dist/tex/latex/pgf/utilities/pgfkeys.sty
(/usr/local/texlive/2015/texmf-dist/tex/generic/pgf/utilities/pgfkeys.code.tex)
) (/usr/local/texlive/2015/texmf-dist/tex/latex/pgf/math/pgfmath.sty
(/usr/local/texlive/2015/texmf-dist/tex/generic/pgf/math/pgfmath.code.tex))
(/usr/local/texlive/2015/texmf-dist/tex/generic/pgf/utilities/pgffor.code.tex
Package: pgffor 2013/12/13 v3.0.0 (rcs-revision 1.25)

(/usr/local/texlive/2015/texmf-dist/tex/generic/pgf/math/pgfmath.code.tex)
\pgffor@iter=\dimen217
\pgffor@skip=\dimen218
\pgffor@stack=\toks39
\pgffor@toks=\toks40
))
(/usr/local/texlive/2015/texmf-dist/tex/generic/pgf/frontendlayer/tikz/tikz.cod
e.tex
Package: tikz 2013/12/13 v3.0.0 (rcs-revision 1.142)

(/usr/local/texlive/2015/texmf-dist/tex/generic/pgf/libraries/pgflibraryplothan
dlers.code.tex
File: pgflibraryplothandlers.code.tex 2013/08/31 v3.0.0 (rcs-revision 1.20)
\pgf@plot@mark@count=\count131
\pgfplotmarksize=\dimen219
)
\tikz@lastx=\dimen220
\tikz@lasty=\dimen221
\tikz@lastxsaved=\dimen222
\tikz@lastysaved=\dimen223
\tikzleveldistance=\dimen224
\tikzsiblingdistance=\dimen225
\tikz@figbox=\box42
\tikz@figbox@bg=\box43
\tikz@tempbox=\box44
\tikz@tempbox@bg=\box45
\tikztreelevel=\count132
\tikznumberofchildren=\count133
\tikznumberofcurrentchild=\count134
\tikz@fig@count=\count135

(/usr/local/texlive/2015/texmf-dist/tex/generic/pgf/modules/pgfmodulematrix.cod
e.tex
File: pgfmodulematrix.code.tex 2013/09/17  (rcs-revision 1.8)
\pgfmatrixcurrentrow=\count136
\pgfmatrixcurrentcolumn=\count137
\pgf@matrix@numberofcolumns=\count138
)
\tikz@expandcount=\count139

(/usr/local/texlive/2015/texmf-dist/tex/generic/pgf/frontendlayer/tikz/librarie
s/tikzlibrarytopaths.code.tex
File: tikzlibrarytopaths.code.tex 2008/06/17 v3.0.0 (rcs-revision 1.2)
)))
(/usr/local/texlive/2015/texmf-dist/tex/latex/listings/listings.sty
\lst@mode=\count140
\lst@gtempboxa=\box46
\lst@token=\toks41
\lst@length=\count141
\lst@currlwidth=\dimen226
\lst@column=\count142
\lst@pos=\count143
\lst@lostspace=\dimen227
\lst@width=\dimen228
\lst@newlines=\count144
\lst@lineno=\count145
\lst@maxwidth=\dimen229

(/usr/local/texlive/2015/texmf-dist/tex/latex/listings/lstmisc.sty
File: lstmisc.sty 2014/09/06 1.5e (Carsten Heinz)
\c@lstnumber=\count146
\lst@skipnumbers=\count147
\lst@framebox=\box47
)
(/usr/local/texlive/2015/texmf-dist/tex/latex/listings/listings.cfg
File: listings.cfg 2014/09/06 1.5e listings configuration
))
Package: listings 2014/09/06 1.5e (Carsten Heinz)

(/usr/local/texlive/2015/texmf-dist/tex/generic/pgf/frontendlayer/tikz/librarie
s/tikzlibraryautomata.code.tex
File: tikzlibraryautomata.code.tex 2008/07/14 v3.0.0 (rcs-revision 1.3)

(/usr/local/texlive/2015/texmf-dist/tex/generic/pgf/frontendlayer/tikz/librarie
s/tikzlibraryshapes.multipart.code.tex
File: tikzlibraryshapes.multipart.code.tex 2008/01/09 v3.0.0 (rcs-revision 1.1)


(/usr/local/texlive/2015/texmf-dist/tex/generic/pgf/libraries/shapes/pgflibrary
shapes.multipart.code.tex
File: pgflibraryshapes.multipart.code.tex 2010/01/07 v3.0.0 (rcs-revision 1.2)
\pgfnodepartlowerbox=\box48
\pgfnodeparttwobox=\box49
\pgfnodepartthreebox=\box50
\pgfnodepartfourbox=\box51
\pgfnodeparttwentybox=\box52
\pgfnodepartnineteenbox=\box53
\pgfnodeparteighteenbox=\box54
\pgfnodepartseventeenbox=\box55
\pgfnodepartsixteenbox=\box56
\pgfnodepartfifteenbox=\box57
\pgfnodepartfourteenbox=\box58
\pgfnodepartthirteenbox=\box59
\pgfnodeparttwelvebox=\box60
\pgfnodepartelevenbox=\box61
\pgfnodeparttenbox=\box62
\pgfnodepartninebox=\box63
\pgfnodeparteightbox=\box64
\pgfnodepartsevenbox=\box65
\pgfnodepartsixbox=\box66
\pgfnodepartfivebox=\box67
)))
(/usr/local/texlive/2015/texmf-dist/tex/generic/pgf/frontendlayer/tikz/librarie
s/tikzlibrarypositioning.code.tex
File: tikzlibrarypositioning.code.tex 2008/10/06 v3.0.0 (rcs-revision 1.7)
) (./homomorphic-schulze.aux)
\openout1 = `homomorphic-schulze.aux'.

LaTeX Font Info:    Checking defaults for OML/cmm/m/it on input line 22.
LaTeX Font Info:    ... okay on input line 22.
LaTeX Font Info:    Checking defaults for T1/cmr/m/n on input line 22.
LaTeX Font Info:    ... okay on input line 22.
LaTeX Font Info:    Checking defaults for OT1/cmr/m/n on input line 22.
LaTeX Font Info:    ... okay on input line 22.
LaTeX Font Info:    Checking defaults for OMS/cmsy/m/n on input line 22.
LaTeX Font Info:    ... okay on input line 22.
LaTeX Font Info:    Checking defaults for OMX/cmex/m/n on input line 22.
LaTeX Font Info:    ... okay on input line 22.
LaTeX Font Info:    Checking defaults for U/cmr/m/n on input line 22.
LaTeX Font Info:    ... okay on input line 22.

-- Lines per column: 58 (exact).
(/usr/local/texlive/2015/texmf-dist/tex/context/base/supp-pdf.mkii
[Loading MPS to PDF converter (version 2006.09.02).]
\scratchcounter=\count148
\scratchdimen=\dimen230
\scratchbox=\box68
\nofMPsegments=\count149
\nofMParguments=\count150
\everyMPshowfont=\toks42
\MPscratchCnt=\count151
\MPscratchDim=\dimen231
\MPnumerator=\count152
\makeMPintoPDFobject=\count153
\everyMPtoPDFconversion=\toks43
) (/usr/local/texlive/2015/texmf-dist/tex/generic/oberdiek/pdftexcmds.sty
Package: pdftexcmds 2011/11/29 v0.20 Utility functions of pdfTeX for LuaTeX (HO
)

(/usr/local/texlive/2015/texmf-dist/tex/generic/oberdiek/ifluatex.sty
Package: ifluatex 2010/03/01 v1.3 Provides the ifluatex switch (HO)
Package ifluatex Info: LuaTeX not detected.
)
Package pdftexcmds Info: LuaTeX not detected.
Package pdftexcmds Info: \pdf@primitive is available.
Package pdftexcmds Info: \pdf@ifprimitive is available.
Package pdftexcmds Info: \pdfdraftmode found.
)
(/usr/local/texlive/2015/texmf-dist/tex/latex/oberdiek/epstopdf-base.sty
Package: epstopdf-base 2010/02/09 v2.5 Base part for package epstopdf

(/usr/local/texlive/2015/texmf-dist/tex/latex/oberdiek/grfext.sty
Package: grfext 2010/08/19 v1.1 Manage graphics extensions (HO)

(/usr/local/texlive/2015/texmf-dist/tex/generic/oberdiek/kvdefinekeys.sty
Package: kvdefinekeys 2011/04/07 v1.3 Define keys (HO)
))
(/usr/local/texlive/2015/texmf-dist/tex/latex/oberdiek/kvoptions.sty
Package: kvoptions 2011/06/30 v3.11 Key value format for package options (HO)

(/usr/local/texlive/2015/texmf-dist/tex/generic/oberdiek/kvsetkeys.sty
Package: kvsetkeys 2012/04/25 v1.16 Key value parser (HO)

(/usr/local/texlive/2015/texmf-dist/tex/generic/oberdiek/etexcmds.sty
Package: etexcmds 2011/02/16 v1.5 Avoid name clashes with e-TeX commands (HO)
Package etexcmds Info: Could not find \expanded.
(etexcmds)             That can mean that you are not using pdfTeX 1.50 or
(etexcmds)             that some package has redefined \expanded.
(etexcmds)             In the latter case, load this package earlier.
)))
Package grfext Info: Graphics extension search list:
(grfext)             [.png,.pdf,.jpg,.mps,.jpeg,.jbig2,.jb2,.PNG,.PDF,.JPG,.JPE
G,.JBIG2,.JB2,.eps]
(grfext)             \AppendGraphicsExtensions on input line 452.

(/usr/local/texlive/2015/texmf-dist/tex/latex/latexconfig/epstopdf-sys.cfg
File: epstopdf-sys.cfg 2010/07/13 v1.3 Configuration of (r)epstopdf for TeX Liv
e
))
Package caption Info: Begin \AtBeginDocument code.
Package caption Info: listings package is loaded.
Package caption Info: End \AtBeginDocument code.
LaTeX Font Info:    Try loading font information for U+msa on input line 22.

(/usr/local/texlive/2015/texmf-dist/tex/latex/amsfonts/umsa.fd
File: umsa.fd 2013/01/14 v3.01 AMS symbols A
)
LaTeX Font Info:    Try loading font information for U+msb on input line 22.

(/usr/local/texlive/2015/texmf-dist/tex/latex/amsfonts/umsb.fd
File: umsb.fd 2013/01/14 v3.01 AMS symbols B
)
Package xypdf Info: Line width: 0.39998pt on input line 22.

ABD: EveryShipout initializing macros
\c@lstlisting=\count154


LaTeX Warning: No \author given.


LaTeX Warning: No \author given.


LaTeX Warning: No \author given.


Underfull \hbox (badness 10000) in paragraph at lines 120--133

 []


Overfull \hbox (72.24pt too wide) detected at line 144
\OML/cmm/m/it/10 m\OT1/cmr/m/n/10 (\OML/cmm/m/it/10 x; y\OT1/cmr/m/n/10 ) = [] 
\OMS/cmsy/m/n/10 ^^@ []\OML/cmm/m/it/10 :
 []

[1{/usr/local/texlive/2015/texmf-var/fonts/map/pdftex/updmap/pdftex.map}


]

LaTeX Warning: Citation `Pattinson:2015:VCM' on page 2 undefined on input line 
207.

LaTeX Font Info:    Try loading font information for OT1+pcr on input line 220.

(/usr/local/texlive/2015/texmf-dist/tex/latex/psnfss/ot1pcr.fd
File: ot1pcr.fd 2001/06/04 font definitions for OT1/pcr.
)
Underfull \hbox (badness 10000) in paragraph at lines 220--220
[] \OT1/pcr/m/n/10 Bullet points of content for reference
 []


Underfull \hbox (badness 10000) in paragraph at lines 220--220
[]\OT1/pcr/m/n/10 general protocol, comparision with
 []


Underfull \hbox (badness 10000) in paragraph at lines 220--220
[]\OT1/pcr/m/n/10 two-phase structure: margin matrix,
 []


Underfull \hbox (badness 10000) in paragraph at lines 220--220
\OT1/pcr/m/n/10 then winners with winners as before:
 []


Underfull \hbox (badness 10000) in paragraph at lines 220--220
\OT1/pcr/m/n/10 encryption commutes with margin
 []


Underfull \hbox (badness 10000) in paragraph at lines 220--220
[]\OT1/pcr/m/n/10 homomorphic computation of margin
 []


Underfull \hbox (badness 10000) in paragraph at lines 220--220
[]\OT1/pcr/m/n/10 computation of winners (as for
 []

[2]
Underfull \hbox (badness 10000) in paragraph at lines 370--370
[] \OT1/pcr/m/n/10 Bullet points of content for reference
 []


Underfull \hbox (badness 10000) in paragraph at lines 370--370
[]\OT1/pcr/m/n/10 Axiomatisation of the cryptographic
 []


Underfull \hbox (badness 10000) in paragraph at lines 370--370
[]\OT1/pcr/m/n/10 correctness proof modulo correct
 []


Underfull \hbox (badness 10000) in paragraph at lines 370--370
[]\OT1/pcr/m/n/10 describe certificates and how to check
 []


LaTeX Warning: Citation `Pederson' on page 3 undefined on input line 377.

[3]

LaTeX Warning: Citation `Pederson' on page 4 undefined on input line 445.


Underfull \hbox (badness 10000) in paragraph at lines 477--481
[]\OT1/ptm/m/n/10 The fi-nal con-struc-tor, \OT1/ptm/b/n/10 ecfin\OT1/ptm/m/n/1
0 , takes fully de-crypted
 []


Underfull \hbox (badness 10000) in paragraph at lines 477--481
\OT1/ptm/m/n/10 mar-gin \OT1/ptm/b/n/10 dm\OT1/ptm/m/n/10 , boolean func-tion \
OT1/ptm/b/n/10 w \OT1/ptm/m/n/10 that de-ter-mines
 []


Underfull \hbox (badness 10000) in paragraph at lines 477--481
\OT1/ptm/m/n/10 elec-tion win-ner, and \OT1/ptm/b/n/10 d\OT1/ptm/m/n/10 , that 
de-liv-ers type level
 []


Underfull \hbox (badness 10000) in paragraph at lines 477--481
\OT1/ptm/m/n/10 ev-i-dence of win-ning or los-ing, con-sis-tent with w.
 []


Underfull \hbox (badness 10000) in paragraph at lines 477--481

 []

[4]
Overfull \hbox (2.40259pt too wide) in paragraph at lines 557--558
[][][][][][][][][][][][][][][][][][][][][][][][][][][][][][][][][][] 
 []


Overfull \hbox (2.40259pt too wide) in paragraph at lines 558--559
[][][][][][][][][][][][][][][][][][][][][][][][][][][][][][][][][] 
 []


Overfull \hbox (108.0pt too wide) in paragraph at lines 576--576
[]  \OT1/pcr/m/n/10 Lemma pschulze_winners (grp : Group) (bs : list eballot) :[
] 
 []


Overfull \hbox (108.0pt too wide) in paragraph at lines 576--576
[]     \OT1/pcr/m/n/10 existsT (f : cand -> bool), ECount grp bs (ewinners f).[
] 
 []


Overfull \hbox (138.0pt too wide) in paragraph at lines 609--609
[]    \OT1/pcr/m/n/10 forall  (grp : Group) (bs : list ballot) (pbs : list pbal
lot)[] 
 []


Overfull \hbox (6.0pt too wide) in paragraph at lines 609--609
[]    \OT1/pcr/m/n/10 (ebs : list eballot) (w : cand -> bool)[] 
 []


Overfull \hbox (144.0pt too wide) in paragraph at lines 609--609
[]         \OT1/pcr/m/n/10 (fun c d => decrypt_message grp privatekey (x c d)))
 ebs)[] 
 []


Overfull \hbox (84.0pt too wide) in paragraph at lines 609--609
[]    \OT1/pcr/m/n/10 Count bs (winners w) -> ECount grp ebs (ewinners w).[] 
 []


Overfull \hbox (138.0pt too wide) in paragraph at lines 609--609
[]    \OT1/pcr/m/n/10 forall  (grp : Group) (bs : list ballot) (pbs : list pbal
lot)[] 
 []


Overfull \hbox (6.0pt too wide) in paragraph at lines 609--609
[]    \OT1/pcr/m/n/10 (ebs : list eballot) (w : cand -> bool)[] 
 []


Overfull \hbox (144.0pt too wide) in paragraph at lines 609--609
[]         \OT1/pcr/m/n/10 (fun c d => decrypt_message grp privatekey (x c d)))
 ebs)[] 
 []


Overfull \hbox (84.0pt too wide) in paragraph at lines 609--609
[]    \OT1/pcr/m/n/10 ECount grp ebs (ewinners w) -> Count bs (winners w).[] 
 []


Underfull \hbox (badness 10000) in paragraph at lines 620--620
[]\OT1/pcr/m/n/10 extension of Unicrypt with homomorphic
 []


Underfull \hbox (badness 10000) in paragraph at lines 620--620
[]\OT1/pcr/m/n/10 coupling between library and extracted
 []


Underfull \hbox (badness 10000) in paragraph at lines 620--620
[]\OT1/pcr/m/n/10 experimental results: how long, how
 []


LaTeX Warning: Citation `Letouzey:2003:NEC' on page 5 undefined on input line 6
23.


LaTeX Warning: Citation `Leroy:2013:ORM' on page 5 undefined on input line 626.



Overfull \hbox (210.0pt too wide) in paragraph at lines 717--717
[]\OT1/pcr/m/n/10 M: AA(13.., 10..) AB(90.., 14..) AC(11.., 23..) BA(16.., 13..
) BB(79.., 46..)[] 
 []


Overfull \hbox (108.0pt too wide) in paragraph at lines 717--717
[]\OT1/pcr/m/n/10 BC(12.., 14..) CA(50.., 53..) CB(70.., 68..) CC(23.., 82..),[
] 
 []


Overfull \hbox (102.0pt too wide) in paragraph at lines 717--717
[]\OT1/pcr/m/n/10 D: [AA: 0 AB: 0 AC: 0 BA: 0 BB: 0 BC: 0 CA: 0 CB: 0 CC: 0],[]
 
 []


Overfull \hbox (30.0pt too wide) in paragraph at lines 717--717
[]\OT1/pcr/m/n/10 Zero-Knowledge-Proof-of-Honest-Decryption: [..][] 
 []


Overfull \hbox (198.0pt too wide) in paragraph at lines 717--717
[]\OT1/pcr/m/n/10 -------------------------------------------------------------
--------------[] 
 []


Overfull \hbox (204.0pt too wide) in paragraph at lines 717--717
[]\OT1/pcr/m/n/10 V: [AA(42.., 15..) AB(63.., 32..) AC(70, 44..) BA(47.., 34..)
 BB(16.., 28..)[] 
 []


Overfull \hbox (180.0pt too wide) in paragraph at lines 717--717
[]\OT1/pcr/m/n/10 BC(39.., 16..) CA(19.., 13..) CB(57.., 12..) CC(19.., 89..),.
.], I:  [],[] 
 []


Overfull \hbox (204.0pt too wide) in paragraph at lines 717--717
[]\OT1/pcr/m/n/10 M: AA(12.., 11..) AB(13.., 66..) AC(16.., 14.) BA(48.., 31..)
 BB(15.., 52..)[] 
 []


Overfull \hbox (108.0pt too wide) in paragraph at lines 717--717
[]\OT1/pcr/m/n/10 BC(15.., 68..) CA(39.., 69..) CB(12.., 78..) CC(10.., 40..),[
] 
 []


Overfull \hbox (138.0pt too wide) in paragraph at lines 717--717
[]\OT1/pcr/m/n/10 Row-Permuted-Ballot: AA(53.., 16..) AB(23.., 44..) AC(72.., 4
7..)[] 
 []


Overfull \hbox (192.0pt too wide) in paragraph at lines 717--717
[]\OT1/pcr/m/n/10 BA(10.., 19..) BB(74.., 16..) BC(20.., 60..) CA(44.., 10..) C
B(12.., 16..)[] 
 []


Overfull \hbox (156.0pt too wide) in paragraph at lines 717--717
[]\OT1/pcr/m/n/10 Column-Permuted-Ballot: AA(81.., 41..) AB(17.., 14..) AC(10..
, 14..)[] 
 []


Overfull \hbox (102.0pt too wide) in paragraph at lines 717--717
[]\OT1/pcr/m/n/10 BA(37.., 12..) BB(14.., 66..) BC(10.., 13..) CA(12.., 13..)[]
 
 []


Overfull \hbox (168.0pt too wide) in paragraph at lines 717--717
[]\OT1/pcr/m/n/10 Decryption-of-Permuted Ballot: AA0 AB-1 AC1 BA1 BB0 BC1 CA-1 
CB-1 CC0,[] 
 []


Overfull \hbox (72.0pt too wide) in paragraph at lines 717--717
[]\OT1/pcr/m/n/10 Zero-Knowledge-Proof-of-Row-Permutation: [Tuple[...]],[] 
 []


Overfull \hbox (84.0pt too wide) in paragraph at lines 717--717
[]\OT1/pcr/m/n/10 Zero-Knowledge-Proof-of-Column-Permutation: [Tuple[..]],[] 
 []


Overfull \hbox (42.0pt too wide) in paragraph at lines 717--717
[]\OT1/pcr/m/n/10 Zero-Knowledge-Proof-of-Decryption: [Triple[..]],[] 
 []


Overfull \hbox (18.0pt too wide) in paragraph at lines 717--717
[]\OT1/pcr/m/n/10 Zero-Knowledge-Proof-of-Commitment: Tuple[..][] 
 []


Overfull \hbox (288.0pt too wide) in paragraph at lines 717--717
[]\OT1/pcr/m/n/10 -------------------------------------------------------------
-----------------------------[] 
 []


Overfull \hbox (288.0pt too wide) in paragraph at lines 717--717
[]\OT1/pcr/m/n/10 -------------------------------------------------------------
-----------------------------[] 
 []


Overfull \hbox (216.0pt too wide) in paragraph at lines 717--717
[]\OT1/pcr/m/n/10 V: [AA(36.., 10..) AB(20.., 13..) AC(75.., 43..) BA(13.., 31.
.) BB(27.., 82..)[] 
 []


Overfull \hbox (264.0pt too wide) in paragraph at lines 717--717
[]\OT1/pcr/m/n/10 BC(31.., 50..) CA(16.., 11..) CB(74.., 15..) CC(26.., 36..)],
 I: [], M: AA(86.., 38..)[] 
 []


Overfull \hbox (192.0pt too wide) in paragraph at lines 717--717
[]\OT1/pcr/m/n/10 AB(21.., 14..) AC(16.., 25..) BA(16.., 22..) BB(18.., 15..) B
C(11.., 63..)[] 
 []


Overfull \hbox (18.0pt too wide) in paragraph at lines 717--717
[]\OT1/pcr/m/n/10 CA(15.., 34..) CB(76.., 18..) CC(11.., 10..),[] 
 []


Overfull \hbox (60.0pt too wide) in paragraph at lines 717--717
[]\OT1/pcr/m/n/10 Row-Permuted-Ballot: .., Column-Permuted-Ballot: ..,[] 
 []


Overfull \hbox (180.0pt too wide) in paragraph at lines 717--717
[]\OT1/pcr/m/n/10 Decryption-of-Permuted-Ballot: AA0 AB-10 AC1 BA10 BB0 BC1 CA-
1 CB-1 CC0,[] 
 []


Overfull \hbox (24.0pt too wide) in paragraph at lines 717--717
[]\OT1/pcr/m/n/10 Zero-Knowledge-Proof-of-Row-Permutation: [..],[] 
 []


Overfull \hbox (42.0pt too wide) in paragraph at lines 717--717
[]\OT1/pcr/m/n/10 Zero-Knowledge-Proof-of-Column-Permutation: [..],[] 
 []


Overfull \hbox (18.0pt too wide) in paragraph at lines 717--717
[]\OT1/pcr/m/n/10 Zero-Knowledge-Proof-of-Commitment: Tuple[..][] 
 []


Overfull \hbox (252.0pt too wide) in paragraph at lines 717--717
[]\OT1/pcr/m/n/10 -------------------------------------------------------------
-----------------------[] 
 []


Underfull \vbox (badness 1097) has occurred while \output is active []

 [5]
Overfull \hbox (258.0pt too wide) in paragraph at lines 717--717
[]\OT1/pcr/m/n/10 V: [], I: [AA(36.., 10..) AB(20.., 13..) AC(75.., 43..) BA(13
.., 31..) BB(27.., 82..)[] 
 []


Overfull \hbox (156.0pt too wide) in paragraph at lines 717--717
[]\OT1/pcr/m/n/10 BC(31.., 50..) CA(16.., 11..) CB(74.., 15..) CC(26.., 36..)],
 M: ..,[] 
 []


Overfull \hbox (120.0pt too wide) in paragraph at lines 717--717
[]\OT1/pcr/m/n/10 D: [AA: 0 AB: 4 AC: 4 BA: -4 BB: 0 BC: 4 CA: -4 CB: -4 CC: 0]
,[] 
 []


Overfull \hbox (13692.0pt too wide) in paragraph at lines 717--717
[]\OT1/pcr/m/n/10 -------------------------------------------------------------
-------------------------------------------------------------------------------
-------------------------------------------------------------------------------
-------------------------------------------------------------------------------
-------------------------------------------------------------------------------
-------------------------------------------------------------------------------
-------------------------------------------------------------------------------
-------------------------------------------------------------------------------
-------------------------------------------------------------------------------
-------------------------------------------------------------------------------
-------------------------------------------------------------------------------
-------------------------------------------------------------------------------
-------------------------------------------------------------------------------
-------------------------------------------------------------------------------
-------------------------------------------------------------------------------
-------------------------------------------------------------------------------
-------------------------------------------------------------------------------
-------------------------------------------------------------------------------
-------------------------------------------------------------------------------
-------------------------------------------------------------------------------
-------------------------------------------------------------------------------
-------------------------------------------------------------------------------
-------------------------------------------------------------------------------
-------------------------------------------------------------------------------
-------------------------------------------------------------------------------
-------------------------------------------------------------------------------
-------------------------------------------------------------------------------
-------------------------------------------------------------------------------
-------------------------------------------------------------------------------
---------------------------------------------------[] 
 []


Overfull \hbox (114.0pt too wide) in paragraph at lines 717--717
[]\OT1/pcr/m/n/10 D: [AA: 0 AB: 4 AC: 4 BA: -4 BB: 0 BC: 4 CA: -4 CB: -4 CC: 0]
[] 
 []


Overfull \hbox (186.0pt too wide) in paragraph at lines 717--717
[]   \OT1/pcr/m/n/10 for B: path A --> B of strength 4, 5-coclosed set: [(B,A),
(C,A),(C,B)][] 
 []


Overfull \hbox (186.0pt too wide) in paragraph at lines 717--717
[]   \OT1/pcr/m/n/10 for C: path A --> C of strength 4, 5-coclosed set: [(B,A),
(C,A),(C,B)][] 
 []


Overfull \hbox (240.0pt too wide) in paragraph at lines 717--717
[]   \OT1/pcr/m/n/10 exists A: path A --> B of strength 4, 4-coclosed set: [(A,
A),(B,A),(B,B),(C,A),[] 
 []


Overfull \hbox (204.0pt too wide) in paragraph at lines 717--717
[]   \OT1/pcr/m/n/10 exists A: path A --> C of strength 4, 4-coclosed set: [(A,
A),(B,A),(B,B),[] 
 []


Underfull \hbox (badness 7186) in paragraph at lines 727--742
\OT1/ptm/m/n/10 Proof-of-Row-Permutation, Permutation-Commitment, and
 []

<PlotVer3.png, id=35, 554.82281pt x 548.0475pt>
File: PlotVer3.png Graphic file (type png)
 <use PlotVer3.png>
Package pdftex.def Info: PlotVer3.png used on input line 773.
(pdftex.def)             Requested size: 277.41072pt x 274.02307pt.

Overfull \hbox (25.41072pt too wide) in paragraph at lines 773--774
 [] 
 []


LaTeX Warning: Citation `Kumar:2014:CVI' on page 6 undefined on input line 811.


[6 <./PlotVer3.png>] (./homomorphic-schulze.bbl
Missing character: There is no Ô in font ptmr7t!
Missing character: There is no Õ in font ptmr7t!
Missing character: There is no Ã in font ptmr7t!
Missing character: There is no ¶ in font ptmr7t!
)
** WARNING: Ignoring useless \section in Appendix (line 847).
LaTeX Font Info:    Try loading font information for OMS+ptm on input line 897.

(/usr/local/texlive/2015/texmf-dist/tex/latex/psnfss/omsptm.fd
File: omsptm.fd 
)
LaTeX Font Info:    Font shape `OMS/ptm/m/n' in size <10> not available
(Font)              Font shape `OMS/cmsy/m/n' tried instead on input line 897.
 [7]
Overfull \hbox (54.0pt too wide) in paragraph at lines 917--917
[]   \OT1/pcr/m/n/10 Definition pballot := cand -> cand -> plaintext.[] 
 []


Overfull \hbox (60.0pt too wide) in paragraph at lines 929--929
[]   \OT1/pcr/m/n/10 Definition eballot := cand -> cand -> ciphertext.[] 
 []


Overfull \hbox (30.0pt too wide) in paragraph at lines 971--971
[]\OT1/pcr/m/n/10 Definition matrix_ballot_valid (p : pballot) :=[] 
 []


Overfull \hbox (54.0pt too wide) in paragraph at lines 971--971
[]      \OT1/pcr/m/n/10 (forall c d : cand, In (p c d) [-1; 0; 1]) /\[] 
 []


Overfull \hbox (42.0pt too wide) in paragraph at lines 971--971
[] \OT1/pcr/m/n/10 Definition valid (A : Type) (P : A -> A -> Z) :=[] 
 []


Overfull \hbox (12.0pt too wide) in paragraph at lines 971--971
[]          \OT1/pcr/m/n/10 (P c d = 1 <-> (f c < f d)%nat) /\[] 
 []


Overfull \hbox (168.0pt too wide) in paragraph at lines 971--971
[]     \OT1/pcr/m/n/10 (* Which one should keep ? Upper one is in Code while th
is one is[] 
 []


Overfull \hbox (78.0pt too wide) in paragraph at lines 971--971
[]        \OT1/pcr/m/n/10 more intutive after expanding the definition *)[] 
 []


Overfull \hbox (54.0pt too wide) in paragraph at lines 971--971
[]    \OT1/pcr/m/n/10 Definition matrix_ballot_valid (p : pballot) :=[] 
 []


Overfull \hbox (54.0pt too wide) in paragraph at lines 971--971
[]      \OT1/pcr/m/n/10 (forall c d : cand, In (p c d) [-1; 0; 1]) /\[] 
 []


Overfull \hbox (12.0pt too wide) in paragraph at lines 971--971
[]          \OT1/pcr/m/n/10 (p c d = 1 <-> (f c < f d)%nat) /\[] 
 []


Overfull \hbox (6.0pt too wide) in paragraph at lines 971--971
[]          \OT1/pcr/m/n/10 (p c d = -1 <-> (f c > f d)%nat))[] 
 []


Overfull \hbox (66.0pt too wide) in paragraph at lines 980--980
[]        \OT1/pcr/m/n/10 forall p : pballot, {matrix_ballot_valid p} +[] 
 []


Overfull \hbox (66.0pt too wide) in paragraph at lines 980--980
[]                            \OT1/pcr/m/n/10 {~matrix_ballot_valid p}.[] 
 []


Overfull \hbox (24.0pt too wide) in paragraph at lines 1002--1002
[]       \OT1/pcr/m/n/10 (forall c d : A, {c = d} + {c <> d}) ->[] 
 []


Overfull \hbox (156.0pt too wide) in paragraph at lines 1002--1002
[]       \OT1/pcr/m/n/10 (forall c d : A, {P c d = 1} + {P c d = 0} + {P c d = 
-1}) ->[] 
 []


Overfull \hbox (234.0pt too wide) in paragraph at lines 1002--1002
[]       \OT1/pcr/m/n/10 forall sig : A -> A, Bijective sig -> valid A P <-> va
lid A (perm A P sig)[] 
 []


Overfull \hbox (24.0pt too wide) in paragraph at lines 1010--1010
[]       \OT1/pcr/m/n/10 (forall c d : A, {c = d} + {c <> d}) ->[] 
 []


Overfull \hbox (156.0pt too wide) in paragraph at lines 1010--1010
[]       \OT1/pcr/m/n/10 (forall c d : A, {P c d = 1} + {P c d = 0} + {P c d = 
-1}) ->[] 
 []


Overfull \hbox (264.0pt too wide) in paragraph at lines 1010--1010
[]       \OT1/pcr/m/n/10 forall sig : A -> A, Bijective sig -> ~ valid A P <-> 
~ valid A (perm A P sig).[] 
 []

** WARNING: Ignoring useless \section in Appendix (line 1013).

Underfull \vbox (badness 1097) has occurred while \output is active []

 [8]
** WARNING: Ignoring useless \section in Appendix (line 1021).
** WARNING: Ignoring useless \section in Appendix (line 1028).
** WARNING: Ignoring useless \section in Appendix (line 1035).
[9

] (./homomorphic-schulze.aux)

LaTeX Warning: There were undefined references.

 ) 
Here is how much of TeX's memory you used:
 18477 strings out of 493090
 349089 string characters out of 6134868
 507814 words of memory out of 5000000
 21601 multiletter control sequences out of 15000+600000
 40848 words of font info for 90 fonts, out of 8000000 for 9000
 1141 hyphenation exceptions out of 8191
 55i,8n,66p,3247b,1463s stack positions out of 5000i,500n,10000p,200000b,80000s
{/usr/local/texlive/2015/texmf-dist/fonts/enc/dvips/base/8r.enc}</usr/local/t
exlive/2015/texmf-dist/fonts/type1/public/amsfonts/cm/cmex10.pfb></usr/local/te
xlive/2015/texmf-dist/fonts/type1/public/amsfonts/cm/cmmi10.pfb></usr/local/tex
live/2015/texmf-dist/fonts/type1/public/amsfonts/cm/cmmi7.pfb></usr/local/texli
ve/2015/texmf-dist/fonts/type1/public/amsfonts/cm/cmr10.pfb></usr/local/texlive
/2015/texmf-dist/fonts/type1/public/amsfonts/cm/cmr7.pfb></usr/local/texlive/20
15/texmf-dist/fonts/type1/public/amsfonts/cm/cmss10.pfb></usr/local/texlive/201
5/texmf-dist/fonts/type1/public/amsfonts/cm/cmsy10.pfb></usr/local/texlive/2015
/texmf-dist/fonts/type1/public/amsfonts/cm/cmsy7.pfb></usr/local/texlive/2015/t
exmf-dist/fonts/type1/public/amsfonts/symbols/msbm10.pfb></usr/local/texlive/20
15/texmf-dist/fonts/type1/urw/courier/ucrr8a.pfb></usr/local/texlive/2015/texmf
-dist/fonts/type1/urw/times/utmb8a.pfb></usr/local/texlive/2015/texmf-dist/font
s/type1/urw/times/utmbi8a.pfb></usr/local/texlive/2015/texmf-dist/fonts/type1/u
rw/times/utmr8a.pfb></usr/local/texlive/2015/texmf-dist/fonts/type1/urw/times/u
tmri8a.pfb>
Output written on homomorphic-schulze.pdf (9 pages, 200867 bytes).
PDF statistics:
 96 PDF objects out of 1000 (max. 8388607)
 68 compressed objects within 1 object stream
 0 named destinations out of 1000 (max. 500000)
 18 words of extra memory for PDF output out of 10000 (max. 10000000)

